231213 14:15:29 [Note] Plugin 'FEDERATED' is disabled.
231213 14:15:29 InnoDB: The InnoDB memory heap is disabled
231213 14:15:29 InnoDB: Mutexes and rw_locks use Windows interlocked functions
231213 14:15:29 InnoDB: Compressed tables use zlib 1.2.3
231213 14:15:29 InnoDB: Initializing buffer pool, size = 128.0M
231213 14:15:29 InnoDB: Completed initialization of buffer pool
InnoDB: The first specified data file .\ibdata1 did not exist:
InnoDB: a new database to be created!
231213 14:15:29  InnoDB: Setting file .\ibdata1 size to 10 MB
InnoDB: Database physically writes the file full: wait...
231213 14:15:29  InnoDB: Log file .\ib_logfile0 did not exist: new to be created
InnoDB: Setting log file .\ib_logfile0 size to 5 MB
InnoDB: Database physically writes the file full: wait...
231213 14:15:29  InnoDB: Log file .\ib_logfile1 did not exist: new to be created
InnoDB: Setting log file .\ib_logfile1 size to 5 MB
InnoDB: Database physically writes the file full: wait...
InnoDB: Doublewrite buffer not found: creating new
InnoDB: Doublewrite buffer created
InnoDB: 127 rollback segment(s) active.
InnoDB: Creating foreign key constraint system tables
InnoDB: Foreign key constraint system tables created
231213 14:15:29  InnoDB: Waiting for the background threads to start
231213 14:15:30 InnoDB: 1.1.8 started; log sequence number 0
